<?xml version="1.0" encoding="UTF-8"?>
<!-- Generated by org.testng.reporters.JUnitReportReporter -->
<testsuite hostname="DESKTOP-6CPCAFM" name="test.java.com.learn.Maven.myProjectMaven.HelloWorldTest" tests="1" failures="0" timestamp="9 Jan 2021 09:06:20 GMT" time="7.510" errors="0">
  <testcase name="Login" time="7.510" classname="test.java.com.learn.Maven.myProjectMaven.HelloWorldTest"/>
</testsuite> <!-- test.java.com.learn.Maven.myProjectMaven.HelloWorldTest -->
